<?xml version="1.0" encoding="UTF-8"?>
<testng-results ignored="0" total="2" passed="2" failed="0" skipped="0">
  <reporter-output>
  </reporter-output>
  <suite started-at="2024-06-01T14:06:48Z" name="Suite" finished-at="2024-06-01T14:07:03Z" duration-ms="15107">
    <groups>
    </groups>
    <test started-at="2024-06-01T14:06:48Z" name="Test" finished-at="2024-06-01T14:07:03Z" duration-ms="15107">
      <class name="TestingFramework.Tests.SubmitOrder">
        <test-method is-config="true" signature="lauchApplication()[pri:0, instance:TestingFramework.Tests.SubmitOrder@488eb7f2]" started-at="2024-06-01T14:06:49Z" name="lauchApplication" finished-at="2024-06-01T14:06:53Z" duration-ms="4050" status="PASS">
          <reporter-output>
          </reporter-output>
        </test-method> <!-- lauchApplication -->
        <test-method signature="SubmitOrderTest(java.util.HashMap)[pri:0, instance:TestingFramework.Tests.SubmitOrder@488eb7f2]" started-at="2024-06-01T14:06:53Z" name="SubmitOrderTest" data-provider="getData" finished-at="2024-06-01T14:06:56Z" duration-ms="3641" status="PASS">
          <params>
            <param index="0">
              <value>
                <![CDATA[{password=Test@123, product=ZARA COAT 3, email=dsk@gmail.com}]]>
              </value>
            </param>
          </params>
          <reporter-output>
          </reporter-output>
        </test-method> <!-- SubmitOrderTest -->
        <test-method is-config="true" signature="teardown()[pri:0, instance:TestingFramework.Tests.SubmitOrder@488eb7f2]" started-at="2024-06-01T14:06:56Z" name="teardown" finished-at="2024-06-01T14:06:56Z" duration-ms="110" status="PASS">
          <reporter-output>
          </reporter-output>
        </test-method> <!-- teardown -->
        <test-method is-config="true" signature="lauchApplication()[pri:0, instance:TestingFramework.Tests.SubmitOrder@488eb7f2]" started-at="2024-06-01T14:06:56Z" name="lauchApplication" finished-at="2024-06-01T14:07:00Z" duration-ms="3433" status="PASS">
          <reporter-output>
          </reporter-output>
        </test-method> <!-- lauchApplication -->
        <test-method signature="SubmitOrderTest(java.util.HashMap)[pri:0, instance:TestingFramework.Tests.SubmitOrder@488eb7f2]" started-at="2024-06-01T14:07:00Z" name="SubmitOrderTest" data-provider="getData" finished-at="2024-06-01T14:07:03Z" duration-ms="3616" status="PASS">
          <params>
            <param index="0">
              <value>
                <![CDATA[{password=Diksha@12, product=ADIDAS ORIGINAL, email=dikshakamdi@123.com}]]>
              </value>
            </param>
          </params>
          <reporter-output>
          </reporter-output>
        </test-method> <!-- SubmitOrderTest -->
        <test-method is-config="true" signature="teardown()[pri:0, instance:TestingFramework.Tests.SubmitOrder@488eb7f2]" started-at="2024-06-01T14:07:03Z" name="teardown" finished-at="2024-06-01T14:07:03Z" duration-ms="102" status="PASS">
          <reporter-output>
          </reporter-output>
        </test-method> <!-- teardown -->
      </class> <!-- TestingFramework.Tests.SubmitOrder -->
    </test> <!-- Test -->
  </suite> <!-- Suite -->
</testng-results>
