<?xml version="1.0" encoding="UTF-8"?>
<testng-results ignored="0" total="2" passed="2" failed="0" skipped="0">
  <reporter-output>
  </reporter-output>
  <suite started-at="2024-06-03T13:24:06Z" name="Suite" finished-at="2024-06-03T13:25:38Z" duration-ms="92553">
    <groups>
    </groups>
    <test started-at="2024-06-03T13:24:06Z" name="Test" finished-at="2024-06-03T13:25:38Z" duration-ms="92553">
      <class name="TestingFramework.Tests.SubmitOrder">
        <test-method is-config="true" signature="lauchApplication()[pri:0, instance:TestingFramework.Tests.SubmitOrder@5c87bfe2]" started-at="2024-06-03T13:24:06Z" name="lauchApplication" finished-at="2024-06-03T13:25:28Z" duration-ms="82370" status="PASS">
          <reporter-output>
          </reporter-output>
        </test-method> <!-- lauchApplication -->
        <test-method signature="SubmitOrderTest(java.util.HashMap)[pri:0, instance:TestingFramework.Tests.SubmitOrder@5c87bfe2]" started-at="2024-06-03T13:25:28Z" name="SubmitOrderTest" data-provider="getData" finished-at="2024-06-03T13:25:32Z" duration-ms="3612" status="PASS">
          <params>
            <param index="0">
              <value>
                <![CDATA[{password=Test@123, product=ZARA COAT 3, email=dsk@gmail.com}]]>
              </value>
            </param>
          </params>
          <reporter-output>
          </reporter-output>
        </test-method> <!-- SubmitOrderTest -->
        <test-method is-config="true" signature="teardown()[pri:0, instance:TestingFramework.Tests.SubmitOrder@5c87bfe2]" started-at="2024-06-03T13:25:32Z" name="teardown" finished-at="2024-06-03T13:25:32Z" duration-ms="96" status="PASS">
          <reporter-output>
          </reporter-output>
        </test-method> <!-- teardown -->
        <test-method is-config="true" signature="lauchApplication()[pri:0, instance:TestingFramework.Tests.SubmitOrder@5c87bfe2]" started-at="2024-06-03T13:25:32Z" name="lauchApplication" finished-at="2024-06-03T13:25:35Z" duration-ms="2589" status="PASS">
          <reporter-output>
          </reporter-output>
        </test-method> <!-- lauchApplication -->
        <test-method signature="SubmitOrderTest(java.util.HashMap)[pri:0, instance:TestingFramework.Tests.SubmitOrder@5c87bfe2]" started-at="2024-06-03T13:25:35Z" name="SubmitOrderTest" data-provider="getData" finished-at="2024-06-03T13:25:38Z" duration-ms="3560" status="PASS">
          <params>
            <param index="0">
              <value>
                <![CDATA[{password=Diksha@12, product=ADIDAS ORIGINAL, email=dikshakamdi@123.com}]]>
              </value>
            </param>
          </params>
          <reporter-output>
          </reporter-output>
        </test-method> <!-- SubmitOrderTest -->
        <test-method is-config="true" signature="teardown()[pri:0, instance:TestingFramework.Tests.SubmitOrder@5c87bfe2]" started-at="2024-06-03T13:25:38Z" name="teardown" finished-at="2024-06-03T13:25:38Z" duration-ms="111" status="PASS">
          <reporter-output>
          </reporter-output>
        </test-method> <!-- teardown -->
      </class> <!-- TestingFramework.Tests.SubmitOrder -->
    </test> <!-- Test -->
  </suite> <!-- Suite -->
</testng-results>
