<?xml version="1.0" encoding="UTF-8"?>
<testng-results ignored="0" total="2" passed="2" failed="0" skipped="0">
  <reporter-output>
  </reporter-output>
  <suite started-at="2024-06-01T14:05:18Z" name="Suite" finished-at="2024-06-01T14:05:36Z" duration-ms="17963">
    <groups>
    </groups>
    <test started-at="2024-06-01T14:05:18Z" name="Test" finished-at="2024-06-01T14:05:36Z" duration-ms="17963">
      <class name="TestingFramework.Tests.SubmitOrder">
        <test-method is-config="true" signature="lauchApplication()[pri:0, instance:TestingFramework.Tests.SubmitOrder@5c87bfe2]" started-at="2024-06-01T14:05:18Z" name="lauchApplication" finished-at="2024-06-01T14:05:24Z" duration-ms="5937" status="PASS">
          <reporter-output>
          </reporter-output>
        </test-method> <!-- lauchApplication -->
        <test-method signature="SubmitOrderTest(java.util.HashMap)[pri:0, instance:TestingFramework.Tests.SubmitOrder@5c87bfe2]" started-at="2024-06-01T14:05:24Z" name="SubmitOrderTest" data-provider="getData" finished-at="2024-06-01T14:05:28Z" duration-ms="3654" status="PASS">
          <params>
            <param index="0">
              <value>
                <![CDATA[{password=Test@123, product=ZARA COAT 3, email=dsk@gmail.com}]]>
              </value>
            </param>
          </params>
          <reporter-output>
          </reporter-output>
        </test-method> <!-- SubmitOrderTest -->
        <test-method is-config="true" signature="teardown()[pri:0, instance:TestingFramework.Tests.SubmitOrder@5c87bfe2]" started-at="2024-06-01T14:05:28Z" name="teardown" finished-at="2024-06-01T14:05:28Z" duration-ms="114" status="PASS">
          <reporter-output>
          </reporter-output>
        </test-method> <!-- teardown -->
        <test-method is-config="true" signature="lauchApplication()[pri:0, instance:TestingFramework.Tests.SubmitOrder@5c87bfe2]" started-at="2024-06-01T14:05:28Z" name="lauchApplication" finished-at="2024-06-01T14:05:32Z" duration-ms="4343" status="PASS">
          <reporter-output>
          </reporter-output>
        </test-method> <!-- lauchApplication -->
        <test-method signature="SubmitOrderTest(java.util.HashMap)[pri:0, instance:TestingFramework.Tests.SubmitOrder@5c87bfe2]" started-at="2024-06-01T14:05:32Z" name="SubmitOrderTest" data-provider="getData" finished-at="2024-06-01T14:05:36Z" duration-ms="3652" status="PASS">
          <params>
            <param index="0">
              <value>
                <![CDATA[{password=Diksha@12, product=ADIDAS ORIGINAL, email=dikshakamdi@123.com}]]>
              </value>
            </param>
          </params>
          <reporter-output>
          </reporter-output>
        </test-method> <!-- SubmitOrderTest -->
        <test-method is-config="true" signature="teardown()[pri:0, instance:TestingFramework.Tests.SubmitOrder@5c87bfe2]" started-at="2024-06-01T14:05:36Z" name="teardown" finished-at="2024-06-01T14:05:36Z" duration-ms="104" status="PASS">
          <reporter-output>
          </reporter-output>
        </test-method> <!-- teardown -->
      </class> <!-- TestingFramework.Tests.SubmitOrder -->
    </test> <!-- Test -->
  </suite> <!-- Suite -->
</testng-results>
